WARNING: unexpected system image feature string, emulator might not function correctly, please try updating the emulator.
Unexpected feature list: MultiDisplay VulkanNullOptionalStrings YUV420888toNV21 YUVCache
Your emulator is out of date, please update by launching Android Studio:
 - Start Android Studio
 - Select menu "Tools > Android > SDK Manager"
 - Click "SDK Tools" tab
 - Check "Android Emulator" checkbox
 - Click "OK"

WARNING: unexpected system image feature string, emulator might not function correctly, please try updating the emulator.
Unexpected feature list: MultiDisplay VulkanNullOptionalStrings YUV420888toNV21 YUVCache
Your emulator is out of date, please update by launching Android Studio:
 - Start Android Studio
 - Select menu "Tools > Android > SDK Manager"
 - Click "SDK Tools" tab
 - Check "Android Emulator" checkbox
 - Click "OK"

emulator: INFO: boot completed
emulator: INFO: boot time 25737 ms
emulator: Increasing screen off timeout, logcat buffer size to 2M.
emulator: Revoking microphone permissions for Google App.
emulator: Saving state on exit with session uptime 19033184 ms
WARNING: unexpected system image feature string, emulator might not function correctly, please try updating the emulator.
Unexpected feature list: MultiDisplay VulkanNullOptionalStrings YUV420888toNV21 YUVCache
Your emulator is out of date, please update by launching Android Studio:
 - Start Android Studio
 - Select menu "Tools > Android > SDK Manager"
 - Click "SDK Tools" tab
 - Check "Android Emulator" checkbox
 - Click "OK"

Trying to erase a non-existent color buffer with handle 0 
emulator: Saving state on exit with session uptime 33429057 ms
WARNING: unexpected system image feature string, emulator might not function correctly, please try updating the emulator.
Unexpected feature list: MultiDisplay VulkanNullOptionalStrings YUV420888toNV21 YUVCache
Your emulator is out of date, please update by launching Android Studio:
 - Start Android Studio
 - Select menu "Tools > Android > SDK Manager"
 - Click "SDK Tools" tab
 - Check "Android Emulator" checkbox
 - Click "OK"

emulator: Saving state on exit with session uptime 8040632 ms
WARNING: unexpected system image feature string, emulator might not function correctly, please try updating the emulator.
Unexpected feature list: MultiDisplay VulkanNullOptionalStrings YUV420888toNV21 YUVCache
Your emulator is out of date, please update by launching Android Studio:
 - Start Android Studio
 - Select menu "Tools > Android > SDK Manager"
 - Click "SDK Tools" tab
 - Check "Android Emulator" checkbox
 - Click "OK"

emulator: Saving state on exit with session uptime 3291263 ms
WARNING: unexpected system image feature string, emulator might not function correctly, please try updating the emulator.
Unexpected feature list: MultiDisplay VulkanNullOptionalStrings YUV420888toNV21 YUVCache
emulator: Saving state on exit with session uptime 9192155 ms
WARNING: unexpected system image feature string, emulator might not function correctly, please try updating the emulator.
Unexpected feature list: MultiDisplay VulkanNullOptionalStrings YUV420888toNV21 YUVCache
Your emulator is out of date, please update by launching Android Studio:
 - Start Android Studio
 - Select menu "Tools > Android > SDK Manager"
 - Click "SDK Tools" tab
 - Check "Android Emulator" checkbox
 - Click "OK"

emulator: Saving state on exit with session uptime 15765061 ms
WARNING: unexpected system image feature string, emulator might not function correctly, please try updating the emulator.
Unexpected feature list: MultiDisplay VulkanNullOptionalStrings YUV420888toNV21 YUVCache
Your emulator is out of date, please update by launching Android Studio:
 - Start Android Studio
 - Select menu "Tools > Android > SDK Manager"
 - Click "SDK Tools" tab
 - Check "Android Emulator" checkbox
 - Click "OK"

emulator: Saving state on exit with session uptime 11247235 ms
